{"target": 31.762481689453125, "params": {"batch_size": 94.4359272070008, "buffer_size": 80.52352387854492, "gamma": 0.9766461618013706, "learning_rate": 2.63656202834381e-05, "memory": 8817.864549396778, "reward_factor_for_initial_dice_picked": 0.7501362861060107, "reward_factor_for_picking_choice_correctly": 6.661016674853226, "reward_for_all_dice": 9.878954482759623}, "datetime": {"datetime": "2024-01-17 19:42:13", "elapsed": 0.0, "delta": 0.0}}
{"target": 19.9029541015625, "params": {"batch_size": 56.66896856996769, "buffer_size": 34.71736882615981, "gamma": 0.9499291027007102, "learning_rate": 8.625811487379636e-05, "memory": 7889.397000928086, "reward_factor_for_initial_dice_picked": 0.020807111923490385, "reward_factor_for_picking_choice_correctly": 1.116031306650328, "reward_for_all_dice": 2.977237418558598}, "datetime": {"datetime": "2024-01-17 20:24:30", "elapsed": 2537.178086, "delta": 2537.178086}}
{"target": 36.98626708984375, "params": {"batch_size": 97.949138368625, "buffer_size": 114.71610137615804, "gamma": 0.9018497795102159, "learning_rate": 6.914701275493804e-05, "memory": 7597.245031936761, "reward_factor_for_initial_dice_picked": 0.35239246875784624, "reward_factor_for_picking_choice_correctly": 7.899605478253066, "reward_for_all_dice": 8.140479381170485}, "datetime": {"datetime": "2024-01-17 21:07:19", "elapsed": 5105.916546, "delta": 2568.73846}}
{"target": 32.7208251953125, "params": {"batch_size": 94.53458278112522, "buffer_size": 110.80874374286503, "gamma": 0.9394328815423705, "learning_rate": 2.9377532594743603e-05, "memory": 7600.464186153183, "reward_factor_for_initial_dice_picked": 0.5433965532733227, "reward_factor_for_picking_choice_correctly": 5.394226893895173, "reward_for_all_dice": 8.716402515977995}, "datetime": {"datetime": "2024-01-17 21:53:30", "elapsed": 7877.009218, "delta": 2771.092672}}
{"target": 36.244964599609375, "params": {"batch_size": 100.93775183981808, "buffer_size": 123.63023496291783, "gamma": 0.9420545489912905, "learning_rate": 1.998910500445719e-05, "memory": 7587.0527126794605, "reward_factor_for_initial_dice_picked": 0.6957339751141911, "reward_factor_for_picking_choice_correctly": 6.9967844633190355, "reward_for_all_dice": 1.9829913818043765}, "datetime": {"datetime": "2024-01-17 22:37:55", "elapsed": 10541.94154, "delta": 2664.932322}}
{"target": 36.61126708984375, "params": {"batch_size": 111.8580863463134, "buffer_size": 115.51958673319774, "gamma": 0.9765022664594571, "learning_rate": 8.616537284850965e-05, "memory": 7589.619170016775, "reward_factor_for_initial_dice_picked": 0.2446952729648345, "reward_factor_for_picking_choice_correctly": 7.0522448265396855, "reward_for_all_dice": 8.5862409529996}, "datetime": {"datetime": "2024-01-17 23:21:16", "elapsed": 13143.554572, "delta": 2601.613032}}
{"target": 40.956634521484375, "params": {"batch_size": 112.05809487717923, "buffer_size": 120.31638165865894, "gamma": 0.8988369012670567, "learning_rate": 5.909461210217466e-05, "memory": 7596.375172334711, "reward_factor_for_initial_dice_picked": 0.54003095507444, "reward_factor_for_picking_choice_correctly": 5.475888322633518, "reward_for_all_dice": 6.86605024296001}, "datetime": {"datetime": "2024-01-18 00:04:30", "elapsed": 15737.016618, "delta": 2593.462046}}
{"target": 36.12811279296875, "params": {"batch_size": 116.36563666363423, "buffer_size": 121.23086105076624, "gamma": 0.97390220367851, "learning_rate": 9.877583127369573e-05, "memory": 7617.1948998394755, "reward_factor_for_initial_dice_picked": 0.022340133335047918, "reward_factor_for_picking_choice_correctly": 3.8286931608558517, "reward_for_all_dice": 5.478811610947241}, "datetime": {"datetime": "2024-01-18 00:49:04", "elapsed": 18410.775183, "delta": 2673.758565}}
{"target": 35.808624267578125, "params": {"batch_size": 102.12610337027485, "buffer_size": 32.289991746164446, "gamma": 0.9893317871296327, "learning_rate": 7.382520853734576e-05, "memory": 2821.0470515641673, "reward_factor_for_initial_dice_picked": 0.11104521923662392, "reward_factor_for_picking_choice_correctly": 3.8961391074944753, "reward_for_all_dice": 8.249349116847775}, "datetime": {"datetime": "2024-01-18 01:31:44", "elapsed": 20970.583636, "delta": 2559.808453}}
{"target": 35.1444091796875, "params": {"batch_size": 34.492772073727295, "buffer_size": 61.90253044988134, "gamma": 0.8839550505259219, "learning_rate": 4.024991177688735e-05, "memory": 9587.400786412316, "reward_factor_for_initial_dice_picked": 0.31868713830247664, "reward_factor_for_picking_choice_correctly": 9.803968916760901, "reward_for_all_dice": 7.710515600244938}, "datetime": {"datetime": "2024-01-18 02:14:15", "elapsed": 23521.781118, "delta": 2551.197482}}
{"target": 28.07611083984375, "params": {"batch_size": 47.15462673361645, "buffer_size": 122.39801006026173, "gamma": 0.9863914082135021, "learning_rate": 9.191605365301342e-05, "memory": 8684.396199067662, "reward_factor_for_initial_dice_picked": 0.27598241939856016, "reward_factor_for_picking_choice_correctly": 4.773991199683002, "reward_for_all_dice": 3.410154398620282}, "datetime": {"datetime": "2024-01-18 02:58:17", "elapsed": 26164.022933, "delta": 2642.241815}}
{"target": 29.32794189453125, "params": {"batch_size": 73.85551060563236, "buffer_size": 34.48891825547757, "gamma": 0.940462872566658, "learning_rate": 4.917901533564492e-05, "memory": 5362.942416699912, "reward_factor_for_initial_dice_picked": 0.3303348210038741, "reward_factor_for_picking_choice_correctly": 2.046486340378425, "reward_for_all_dice": 6.192709663506637}, "datetime": {"datetime": "2024-01-18 08:57:26", "elapsed": 0.0, "delta": 0.0}}
{"target": 28.178009033203125, "params": {"batch_size": 60.76684867275422, "buffer_size": 57.6154184098752, "gamma": 0.9483247216046224, "learning_rate": 5.762278848493352e-05, "memory": 3076.6395627594684, "reward_factor_for_initial_dice_picked": 0.5135781212657464, "reward_factor_for_picking_choice_correctly": 1.8443986564691528, "reward_for_all_dice": 7.853351478166735}, "datetime": {"datetime": "2024-01-18 09:39:53", "elapsed": 2547.351824, "delta": 2547.351824}}
{"target": 34.53759765625, "params": {"batch_size": 106.24694773287067, "buffer_size": 122.70746475989844, "gamma": 0.9865077705895078, "learning_rate": 9.112927813317375e-05, "memory": 7601.201256270508, "reward_factor_for_initial_dice_picked": 0.008029720545262742, "reward_factor_for_picking_choice_correctly": 7.9812780519941215, "reward_for_all_dice": 9.955880388847147}, "datetime": {"datetime": "2024-01-18 10:22:46", "elapsed": 5119.552644, "delta": 2572.20082}}
{"target": 32.1890869140625, "params": {"batch_size": 127.93501668018749, "buffer_size": 114.67919142670354, "gamma": 0.9837706539906392, "learning_rate": 2.3655082543063415e-05, "memory": 7586.708217079518, "reward_factor_for_initial_dice_picked": 0.7605335707165715, "reward_factor_for_picking_choice_correctly": 2.2843989753354386, "reward_for_all_dice": 0.82201527952248}, "datetime": {"datetime": "2024-01-18 11:05:47", "elapsed": 7700.957868, "delta": 2581.405224}}
{"target": 38.59979248046875, "params": {"batch_size": 121.1227544680354, "buffer_size": 105.39709151935924, "gamma": 0.9533291767494527, "learning_rate": 8.925336229438733e-05, "memory": 7607.916406930531, "reward_factor_for_initial_dice_picked": 0.9786274921508439, "reward_factor_for_picking_choice_correctly": 9.782671525068235, "reward_for_all_dice": 0.019270465607195142}, "datetime": {"datetime": "2024-01-18 11:48:43", "elapsed": 10277.118263, "delta": 2576.160395}}
{"target": 41.5977783203125, "params": {"batch_size": 107.68389290728942, "buffer_size": 100.98737889901142, "gamma": 0.9589732769682139, "learning_rate": 7.887660730803643e-05, "memory": 7615.936669169033, "reward_factor_for_initial_dice_picked": 0.30338275349482335, "reward_factor_for_picking_choice_correctly": 9.17911690829797, "reward_for_all_dice": 6.0432650970357615}, "datetime": {"datetime": "2024-01-18 12:32:16", "elapsed": 12889.504409, "delta": 2612.386146}}
{"target": 29.69488525390625, "params": {"batch_size": 81.62009423967787, "buffer_size": 83.38747415717961, "gamma": 0.989825404539519, "learning_rate": 2.5571973246947615e-05, "memory": 5703.108189816542, "reward_factor_for_initial_dice_picked": 0.4830379164823789, "reward_factor_for_picking_choice_correctly": 1.1508918612054408, "reward_for_all_dice": 9.074825491981393}, "datetime": {"datetime": "2024-01-18 13:14:59", "elapsed": 15452.705619, "delta": 2563.20121}}
{"target": 36.10369873046875, "params": {"batch_size": 57.74840960981962, "buffer_size": 120.11678770311744, "gamma": 0.9674305714961131, "learning_rate": 3.5749341673739655e-05, "memory": 5160.963144821713, "reward_factor_for_initial_dice_picked": 0.5925863389266546, "reward_factor_for_picking_choice_correctly": 9.459185274790846, "reward_for_all_dice": 7.224172143035182}, "datetime": {"datetime": "2024-01-18 13:57:36", "elapsed": 18010.271903, "delta": 2557.566284}}
