{"target": 14.8572998046875, "params": {"batch_size": 117.5174916191325, "buffer_size": 109.90121410406857, "gamma": 0.9692297203665607, "learning_rate": 8.761835880868477e-06, "memory": 8514.5271621675, "reward_factor_for_initial_dice_picked": 0.7013155325241412, "reward_factor_for_picking_choice_correctly": 4.1415537339385375, "reward_for_all_dice": 2.3226956473989215}, "datetime": {"datetime": "2024-01-11 23:10:25", "elapsed": 18875.420451, "delta": 630.738838}}
{"target": 3.9647216796875, "params": {"batch_size": 45.326287704488664, "buffer_size": 62.494052072966426, "gamma": 0.9713858750378394, "learning_rate": 9.077169417698264e-06, "memory": 9585.370174675043, "reward_factor_for_initial_dice_picked": 0.2567688676959484, "reward_factor_for_picking_choice_correctly": 6.068897946260141, "reward_for_all_dice": 8.887975431136748}, "datetime": {"datetime": "2024-01-11 23:20:46", "elapsed": 19496.282671, "delta": 620.86222}}
{"target": 3.60986328125, "params": {"batch_size": 76.60627430301976, "buffer_size": 125.31158710045392, "gamma": 0.9240825632625497, "learning_rate": 8.351769448513633e-06, "memory": 6703.87267777208, "reward_factor_for_initial_dice_picked": 0.48535196323926766, "reward_factor_for_picking_choice_correctly": 1.8356572205533073, "reward_for_all_dice": 3.9857584675649713}, "datetime": {"datetime": "2024-01-11 23:31:24", "elapsed": 20134.217325, "delta": 637.934654}}
{"target": 3.6861572265625, "params": {"batch_size": 111.41632882544913, "buffer_size": 43.848299630023156, "gamma": 0.9364841907996241, "learning_rate": 3.608824604708243e-06, "memory": 6142.961100669558, "reward_factor_for_initial_dice_picked": 0.9927925697966378, "reward_factor_for_picking_choice_correctly": 1.8385373562103324, "reward_for_all_dice": 4.613935554654811}, "datetime": {"datetime": "2024-01-11 23:42:04", "elapsed": 20774.419797, "delta": 640.202472}}
{"target": 16.7445068359375, "params": {"batch_size": 83.55291281637933, "buffer_size": 125.03253177260751, "gamma": 0.9699085178909115, "learning_rate": 5.0348485991675536e-06, "memory": 2680.4417493834007, "reward_factor_for_initial_dice_picked": 0.9863058449418498, "reward_factor_for_picking_choice_correctly": 1.3144433726533733, "reward_for_all_dice": 2.891960615048225}, "datetime": {"datetime": "2024-01-11 23:52:46", "elapsed": 21416.101502, "delta": 641.681705}}
{"target": 26.0958251953125, "params": {"batch_size": 45.26947092615579, "buffer_size": 48.84416360044143, "gamma": 0.9116478734030692, "learning_rate": 7.665675718926422e-06, "memory": 2062.488160555813, "reward_factor_for_initial_dice_picked": 0.4723838445842672, "reward_factor_for_picking_choice_correctly": 4.172910126564998, "reward_for_all_dice": 2.753837459006905}, "datetime": {"datetime": "2024-01-12 00:03:26", "elapsed": 22056.302406, "delta": 640.200904}}
{"target": 17.5758056640625, "params": {"batch_size": 118.25948750183322, "buffer_size": 59.101598077074684, "gamma": 0.9293895930968606, "learning_rate": 8.999813363088195e-06, "memory": 7808.956838453147, "reward_factor_for_initial_dice_picked": 0.8259541957554359, "reward_factor_for_picking_choice_correctly": 4.756101412907897, "reward_for_all_dice": 1.0323110842396799}, "datetime": {"datetime": "2024-01-12 00:14:12", "elapsed": 22701.861547, "delta": 645.559141}}
{"target": 4.6292724609375, "params": {"batch_size": 74.52520803200889, "buffer_size": 110.85868010865188, "gamma": 0.9307545825116197, "learning_rate": 6.906576678836827e-06, "memory": 9375.976958451241, "reward_factor_for_initial_dice_picked": 0.9540952796662934, "reward_factor_for_picking_choice_correctly": 9.410146451526279, "reward_for_all_dice": 4.691594732739704}, "datetime": {"datetime": "2024-01-12 00:24:46", "elapsed": 23336.591486, "delta": 634.729939}}
{"target": 29.4376220703125, "params": {"batch_size": 98.8112637337218, "buffer_size": 109.56192397877004, "gamma": 0.9007760951970623, "learning_rate": 9.810461235650279e-06, "memory": 4684.914817892834, "reward_factor_for_initial_dice_picked": 0.12887263261410664, "reward_factor_for_picking_choice_correctly": 3.1099532364721174, "reward_for_all_dice": 2.7619114958974667}, "datetime": {"datetime": "2024-01-12 00:35:16", "elapsed": 23965.821127, "delta": 629.229641}}
{"target": 3.7977294921875, "params": {"batch_size": 76.93896467063503, "buffer_size": 41.10175992444406, "gamma": 0.9221138360790412, "learning_rate": 3.111849845828646e-06, "memory": 5297.972579846515, "reward_factor_for_initial_dice_picked": 0.26516803505650743, "reward_factor_for_picking_choice_correctly": 2.0291393040699743, "reward_for_all_dice": 6.747283676949748}, "datetime": {"datetime": "2024-01-12 00:45:43", "elapsed": 24592.88384, "delta": 627.062713}}
{"target": 3.1273193359375, "params": {"batch_size": 86.01536298982117, "buffer_size": 73.60792805053006, "gamma": 0.9510950922931465, "learning_rate": 1.1399775363661087e-06, "memory": 7667.817881777776, "reward_factor_for_initial_dice_picked": 0.14370790505073927, "reward_factor_for_picking_choice_correctly": 7.368721179475928, "reward_for_all_dice": 6.684225962026318}, "datetime": {"datetime": "2024-01-12 00:56:14", "elapsed": 25223.97244, "delta": 631.0886}}
{"target": 3.87890625, "params": {"batch_size": 118.23550860040353, "buffer_size": 61.06209049480841, "gamma": 0.9227241870294077, "learning_rate": 2.287159853580696e-06, "memory": 2119.4704549532617, "reward_factor_for_initial_dice_picked": 0.4275460429684508, "reward_factor_for_picking_choice_correctly": 4.1101906053173645, "reward_for_all_dice": 6.445320923805983}, "datetime": {"datetime": "2024-01-12 01:07:03", "elapsed": 25873.386822, "delta": 649.414382}}
{"target": 4.830810546875, "params": {"batch_size": 49.23853647024786, "buffer_size": 44.25879075375758, "gamma": 0.9024547691411362, "learning_rate": 7.210762980839989e-06, "memory": 8787.393209682248, "reward_factor_for_initial_dice_picked": 0.8256341424182002, "reward_factor_for_picking_choice_correctly": 2.732224262592039, "reward_for_all_dice": 1.3900097930045718}, "datetime": {"datetime": "2024-01-12 01:18:15", "elapsed": 26545.487695, "delta": 672.100873}}
{"target": 11.87646484375, "params": {"batch_size": 89.5791519623318, "buffer_size": 61.335354045501916, "gamma": 0.9103731514746386, "learning_rate": 3.0797757969705135e-07, "memory": 2194.4003545896385, "reward_factor_for_initial_dice_picked": 0.8810178574250873, "reward_factor_for_picking_choice_correctly": 0.5356598370901577, "reward_for_all_dice": 8.762044356840665}, "datetime": {"datetime": "2024-01-12 01:29:06", "elapsed": 27196.001074, "delta": 650.513379}}
{"target": 11.3065185546875, "params": {"batch_size": 79.1392437794637, "buffer_size": 42.36589898124906, "gamma": 0.9091851043996979, "learning_rate": 5.510382033231246e-06, "memory": 5768.792052063773, "reward_factor_for_initial_dice_picked": 0.4734252435072519, "reward_factor_for_picking_choice_correctly": 7.892925397728028, "reward_for_all_dice": 0.9346371206822024}, "datetime": {"datetime": "2024-01-12 01:39:59", "elapsed": 27849.249948, "delta": 653.248874}}
{"target": 4.769775390625, "params": {"batch_size": 107.61794520274827, "buffer_size": 58.20062105070103, "gamma": 0.934501813672485, "learning_rate": 3.838680652015136e-06, "memory": 5034.718591019075, "reward_factor_for_initial_dice_picked": 0.3966481702225384, "reward_factor_for_picking_choice_correctly": 2.0570442066613226, "reward_for_all_dice": 1.865709242371052}, "datetime": {"datetime": "2024-01-12 01:50:59", "elapsed": 28509.618743, "delta": 660.368795}}
