{"target": 3.871826171875, "params": {"batch_size": 72.0341124514471, "buffer_size": 101.15115137044718, "gamma": 0.900010293733561, "learning_rate": 3.0930924690552136e-06, "memory": 3174.047126536904, "reward_factor_for_initial_dice_picked": 0.0923385947687978, "reward_factor_for_picking_choice_correctly": 1.862602113776709, "reward_for_all_dice": 3.4556072704304777}, "datetime": {"datetime": "2024-01-10 22:28:43", "elapsed": 0.0, "delta": 0.0}}
{"target": 4.0400390625, "params": {"batch_size": 70.08967752614431, "buffer_size": 83.72640646432227, "gamma": 0.9377275062962965, "learning_rate": 6.883673053927919e-06, "memory": 3635.6179978521395, "reward_factor_for_initial_dice_picked": 0.8781174363909454, "reward_factor_for_picking_choice_correctly": 0.27387593197926163, "reward_for_all_dice": 6.704675101784022}, "datetime": {"datetime": "2024-01-10 22:39:42", "elapsed": 659.888443, "delta": 659.888443}}
{"target": 9.4268798828125, "params": {"batch_size": 72.06126102724419, "buffer_size": 85.63422353079216, "gamma": 0.912634824473571, "learning_rate": 2.0612047419402997e-06, "memory": 8405.956549404294, "reward_factor_for_initial_dice_picked": 0.9682615757193975, "reward_factor_for_picking_choice_correctly": 3.1342417815924284, "reward_for_all_dice": 6.923226156693141}, "datetime": {"datetime": "2024-01-10 22:50:44", "elapsed": 1321.097003, "delta": 661.20856}}
{"target": 6.1241455078125, "params": {"batch_size": 116.13335862041967, "buffer_size": 117.88223969636934, "gamma": 0.90765397902328, "learning_rate": 4.866423540055354e-07, "memory": 3358.643356516551, "reward_factor_for_initial_dice_picked": 0.8781425034294131, "reward_factor_for_picking_choice_correctly": 0.983468338330501, "reward_for_all_dice": 4.211076250050522}, "datetime": {"datetime": "2024-01-10 23:01:47", "elapsed": 1984.14818, "delta": 663.051177}}
{"target": 6.71923828125, "params": {"batch_size": 123.95739489444819, "buffer_size": 83.18386735740964, "gamma": 0.9622689402555427, "learning_rate": 3.223604746960023e-06, "memory": 7492.007421452669, "reward_factor_for_initial_dice_picked": 0.8346256718973729, "reward_factor_for_picking_choice_correctly": 0.18288277344191806, "reward_for_all_dice": 7.501443149449675}, "datetime": {"datetime": "2024-01-10 23:12:39", "elapsed": 2636.611562, "delta": 652.463382}}
{"target": 3.806884765625, "params": {"batch_size": 70.7081800770003, "buffer_size": 90.93646758584458, "gamma": 0.9196535927633277, "learning_rate": 7.350237430932316e-06, "memory": 8402.676538944437, "reward_factor_for_initial_dice_picked": 0.04269613475783052, "reward_factor_for_picking_choice_correctly": 1.0773023320090236, "reward_for_all_dice": 5.7964663122222415}, "datetime": {"datetime": "2024-01-10 23:23:27", "elapsed": 3284.500994, "delta": 647.889432}}
{"target": 7.33349609375, "params": {"batch_size": 109.3226327319041, "buffer_size": 46.57155721120371, "gamma": 0.9291364286296631, "learning_rate": 4.378746257028147e-06, "memory": 9673.767151041298, "reward_factor_for_initial_dice_picked": 0.6474019538163842, "reward_factor_for_picking_choice_correctly": 5.4398449034399725, "reward_for_all_dice": 9.475851582403186}, "datetime": {"datetime": "2024-01-10 23:34:18", "elapsed": 3935.886285, "delta": 651.385291}}
{"target": 3.4013671875, "params": {"batch_size": 59.15536903042275, "buffer_size": 112.32991435856377, "gamma": 0.9017176639113448, "learning_rate": 2.086315877327392e-06, "memory": 4776.185417819001, "reward_factor_for_initial_dice_picked": 0.05477431622037021, "reward_factor_for_picking_choice_correctly": 5.306912683284954, "reward_for_all_dice": 4.0951848235204436}, "datetime": {"datetime": "2024-01-10 23:45:10", "elapsed": 4587.321706, "delta": 651.435421}}
{"target": 5.5118408203125, "params": {"batch_size": 67.12817213765959, "buffer_size": 77.0420614277952, "gamma": 0.9483557191838942, "learning_rate": 2.726382969544068e-06, "memory": 9958.818153639053, "reward_factor_for_initial_dice_picked": 0.22383047092018638, "reward_factor_for_picking_choice_correctly": 2.5181547888435385, "reward_for_all_dice": 8.9391442988556}, "datetime": {"datetime": "2024-01-10 23:56:04", "elapsed": 5241.538705, "delta": 654.216999}}
{"target": 16.607177734375, "params": {"batch_size": 44.34838946466934, "buffer_size": 33.999619220728114, "gamma": 0.9798515431048513, "learning_rate": 8.014297735430653e-06, "memory": 8421.125519936875, "reward_factor_for_initial_dice_picked": 0.47132854713381345, "reward_factor_for_picking_choice_correctly": 8.261576116493949, "reward_for_all_dice": 6.005259518683484}, "datetime": {"datetime": "2024-01-11 00:06:52", "elapsed": 5888.964402, "delta": 647.425697}}
{"target": 4.85009765625, "params": {"batch_size": 123.62813289689512, "buffer_size": 80.76584567837835, "gamma": 0.9296462091610236, "learning_rate": 5.422623622544103e-06, "memory": 6730.14784715691, "reward_factor_for_initial_dice_picked": 0.5526619448439414, "reward_factor_for_picking_choice_correctly": 6.35735952757988, "reward_for_all_dice": 8.803964367635682}, "datetime": {"datetime": "2024-01-11 00:17:46", "elapsed": 6543.432158, "delta": 654.467756}}
{"target": 4.60546875, "params": {"batch_size": 40.75301558111833, "buffer_size": 76.749622830731, "gamma": 0.9090268888895883, "learning_rate": 7.089873542473868e-06, "memory": 6113.938779584787, "reward_factor_for_initial_dice_picked": 0.48722939187352654, "reward_factor_for_picking_choice_correctly": 9.819296810910865, "reward_for_all_dice": 1.9805856012716871}, "datetime": {"datetime": "2024-01-11 00:28:33", "elapsed": 7190.606508, "delta": 647.17435}}
{"target": 9.314453125, "params": {"batch_size": 39.91599909556078, "buffer_size": 55.956983790607, "gamma": 0.9199703961427204, "learning_rate": 8.711688481508229e-06, "memory": 3827.778656999757, "reward_factor_for_initial_dice_picked": 0.4156933038740792, "reward_factor_for_picking_choice_correctly": 3.799210771601904, "reward_for_all_dice": 9.497208813347415}, "datetime": {"datetime": "2024-01-11 00:39:24", "elapsed": 7841.536275, "delta": 650.929767}}
{"target": 5.927978515625, "params": {"batch_size": 55.201386344438546, "buffer_size": 112.65664434969601, "gamma": 0.9766623068829752, "learning_rate": 5.915221886150697e-06, "memory": 3586.622978492326, "reward_factor_for_initial_dice_picked": 0.11096515965231923, "reward_factor_for_picking_choice_correctly": 7.202688860983926, "reward_for_all_dice": 6.216546372227997}, "datetime": {"datetime": "2024-01-11 00:50:22", "elapsed": 8499.019171, "delta": 657.482896}}
{"target": 4.04931640625, "params": {"batch_size": 61.21707040247825, "buffer_size": 80.3985839785413, "gamma": 0.9002246817116467, "learning_rate": 8.438361364131787e-06, "memory": 7781.04330446206, "reward_factor_for_initial_dice_picked": 0.23154931772959353, "reward_factor_for_picking_choice_correctly": 0.4112200284847378, "reward_for_all_dice": 7.636634379877113}, "datetime": {"datetime": "2024-01-11 01:01:15", "elapsed": 9152.444307, "delta": 653.425136}}
{"target": 7.794189453125, "params": {"batch_size": 46.51176942209213, "buffer_size": 69.40618821698511, "gamma": 0.9655876430014463, "learning_rate": 6.159433310138227e-06, "memory": 9846.747225739753, "reward_factor_for_initial_dice_picked": 0.20079009571826112, "reward_factor_for_picking_choice_correctly": 5.4460739700873075, "reward_for_all_dice": 1.157559948285608}, "datetime": {"datetime": "2024-01-11 01:12:10", "elapsed": 9807.540237, "delta": 655.09593}}
{"target": 6.4873046875, "params": {"batch_size": 94.03662030182447, "buffer_size": 114.1943702908562, "gamma": 0.9318358363464434, "learning_rate": 2.329461598602959e-06, "memory": 5849.665892948944, "reward_factor_for_initial_dice_picked": 0.457418037998662, "reward_factor_for_picking_choice_correctly": 9.138110622404785, "reward_for_all_dice": 4.119823607138402}, "datetime": {"datetime": "2024-01-11 01:23:21", "elapsed": 10478.33033, "delta": 670.790093}}
{"target": 3.3565673828125, "params": {"batch_size": 72.0341124514471, "buffer_size": 101.15115137044718, "gamma": 0.900010293733561, "learning_rate": 3.0930924690552136e-06, "memory": 3174.047126536904, "reward_factor_for_initial_dice_picked": 0.0923385947687978, "reward_factor_for_picking_choice_correctly": 1.862602113776709, "reward_for_all_dice": 3.4556072704304777}, "datetime": {"datetime": "2024-01-11 17:55:50", "elapsed": 0.0, "delta": 0.0}}
{"target": 6.4195556640625, "params": {"batch_size": 70.08967752614431, "buffer_size": 83.72640646432227, "gamma": 0.9377275062962965, "learning_rate": 6.883673053927919e-06, "memory": 3635.6179978521395, "reward_factor_for_initial_dice_picked": 0.8781174363909454, "reward_factor_for_picking_choice_correctly": 0.27387593197926163, "reward_for_all_dice": 6.704675101784022}, "datetime": {"datetime": "2024-01-11 18:06:16", "elapsed": 626.339818, "delta": 626.339818}}
{"target": 13.9521484375, "params": {"batch_size": 72.06126102724419, "buffer_size": 85.63422353079216, "gamma": 0.912634824473571, "learning_rate": 2.0612047419402997e-06, "memory": 8405.956549404294, "reward_factor_for_initial_dice_picked": 0.9682615757193975, "reward_factor_for_picking_choice_correctly": 3.1342417815924284, "reward_for_all_dice": 6.923226156693141}, "datetime": {"datetime": "2024-01-11 18:16:54", "elapsed": 1264.06733, "delta": 637.727512}}
{"target": 4.046630859375, "params": {"batch_size": 116.13335862041967, "buffer_size": 117.88223969636934, "gamma": 0.90765397902328, "learning_rate": 4.866423540055354e-07, "memory": 3358.643356516551, "reward_factor_for_initial_dice_picked": 0.8781425034294131, "reward_factor_for_picking_choice_correctly": 0.983468338330501, "reward_for_all_dice": 4.211076250050522}, "datetime": {"datetime": "2024-01-11 18:27:36", "elapsed": 1906.079384, "delta": 642.012054}}
{"target": 5.290283203125, "params": {"batch_size": 123.95739489444819, "buffer_size": 83.18386735740964, "gamma": 0.9622689402555427, "learning_rate": 3.223604746960023e-06, "memory": 7492.007421452669, "reward_factor_for_initial_dice_picked": 0.8346256718973729, "reward_factor_for_picking_choice_correctly": 0.18288277344191806, "reward_for_all_dice": 7.501443149449675}, "datetime": {"datetime": "2024-01-11 18:38:20", "elapsed": 2549.647222, "delta": 643.567838}}
{"target": 7.18408203125, "params": {"batch_size": 119.238406410355, "buffer_size": 123.37745921946527, "gamma": 0.9826317581840431, "learning_rate": 3.2948252086189483e-06, "memory": 8470.23553220526, "reward_factor_for_initial_dice_picked": 0.916120101157973, "reward_factor_for_picking_choice_correctly": 3.6722121139699206, "reward_for_all_dice": 6.900520239263396}, "datetime": {"datetime": "2024-01-11 18:48:43", "elapsed": 3173.527767, "delta": 623.880545}}
{"target": 13.96533203125, "params": {"batch_size": 109.32294494045647, "buffer_size": 46.57291835894366, "gamma": 0.9291374460175656, "learning_rate": 4.3788402212078115e-06, "memory": 9673.772604309099, "reward_factor_for_initial_dice_picked": 0.6474078478015476, "reward_factor_for_picking_choice_correctly": 5.439921130426403, "reward_for_all_dice": 9.475860344003058}, "datetime": {"datetime": "2024-01-11 18:59:14", "elapsed": 3804.512072, "delta": 630.984305}}
{"target": 22.67333984375, "params": {"batch_size": 74.2836228717941, "buffer_size": 127.4583782121663, "gamma": 0.99, "learning_rate": 1e-05, "memory": 4791.31383290114, "reward_factor_for_initial_dice_picked": 1.0, "reward_factor_for_picking_choice_correctly": 10.0, "reward_for_all_dice": 10.0}, "datetime": {"datetime": "2024-01-11 19:09:37", "elapsed": 4427.622314, "delta": 623.110242}}
{"target": 5.1119384765625, "params": {"batch_size": 67.1312301554304, "buffer_size": 77.04462140154973, "gamma": 0.9483578112674615, "learning_rate": 2.7267483742134917e-06, "memory": 9958.820222491302, "reward_factor_for_initial_dice_picked": 0.22386946334568839, "reward_factor_for_picking_choice_correctly": 2.5185306542712365, "reward_for_all_dice": 8.93919759305918}, "datetime": {"datetime": "2024-01-11 19:19:59", "elapsed": 5048.970502, "delta": 621.348188}}
{"target": 12.692626953125, "params": {"batch_size": 48.758290876872906, "buffer_size": 38.40965066224157, "gamma": 0.99, "learning_rate": 1e-05, "memory": 8425.535587020928, "reward_factor_for_initial_dice_picked": 1.0, "reward_factor_for_picking_choice_correctly": 10.0, "reward_for_all_dice": 10.0}, "datetime": {"datetime": "2024-01-11 19:30:23", "elapsed": 5673.318662, "delta": 624.34816}}
{"target": 7.0550537109375, "params": {"batch_size": 128.0, "buffer_size": 85.20402753337923, "gamma": 0.99, "learning_rate": 1e-05, "memory": 6734.58659630425, "reward_factor_for_initial_dice_picked": 1.0, "reward_factor_for_picking_choice_correctly": 10.0, "reward_for_all_dice": 10.0}, "datetime": {"datetime": "2024-01-11 19:40:52", "elapsed": 6301.789659, "delta": 628.470997}}
{"target": 15.7960205078125, "params": {"batch_size": 40.75317725079327, "buffer_size": 76.74971779827484, "gamma": 0.9090270389337032, "learning_rate": 7.089878934971976e-06, "memory": 6113.94598050134, "reward_factor_for_initial_dice_picked": 0.4872303420434159, "reward_factor_for_picking_choice_correctly": 9.819297145755971, "reward_for_all_dice": 1.980600461339662}, "datetime": {"datetime": "2024-01-11 19:51:11", "elapsed": 6921.410967, "delta": 619.621308}}
{"target": 18.115234375, "params": {"batch_size": 39.91616207634574, "buffer_size": 55.957117090947726, "gamma": 0.919970525717668, "learning_rate": 8.711690865255793e-06, "memory": 3827.790077387899, "reward_factor_for_initial_dice_picked": 0.4156943850098475, "reward_factor_for_picking_choice_correctly": 3.799222244848867, "reward_for_all_dice": 9.497209743656}, "datetime": {"datetime": "2024-01-11 20:01:59", "elapsed": 7569.356407, "delta": 647.94544}}
{"target": 5.7091064453125, "params": {"batch_size": 79.45000639370375, "buffer_size": 117.76739004610866, "gamma": 0.981104982869343, "learning_rate": 7.275827912756246e-06, "memory": 3638.057654252216, "reward_factor_for_initial_dice_picked": 0.40709536010021113, "reward_factor_for_picking_choice_correctly": 8.134450216914583, "reward_for_all_dice": 7.476783688393544}, "datetime": {"datetime": "2024-01-11 20:12:34", "elapsed": 8204.031218, "delta": 634.674811}}
{"target": 8.7449951171875, "params": {"batch_size": 84.53094339297473, "buffer_size": 103.71261306746861, "gamma": 0.99, "learning_rate": 1e-05, "memory": 7804.357565472036, "reward_factor_for_initial_dice_picked": 1.0, "reward_factor_for_picking_choice_correctly": 10.0, "reward_for_all_dice": 10.0}, "datetime": {"datetime": "2024-01-11 20:23:04", "elapsed": 8833.726915, "delta": 629.695697}}
{"target": 20.7884521484375, "params": {"batch_size": 97.72878638629854, "buffer_size": 120.62324157309371, "gamma": 0.99, "learning_rate": 1e-05, "memory": 9897.958482336611, "reward_factor_for_initial_dice_picked": 1.0, "reward_factor_for_picking_choice_correctly": 10.0, "reward_for_all_dice": 10.0}, "datetime": {"datetime": "2024-01-11 20:33:26", "elapsed": 9456.006229, "delta": 622.279314}}
{"target": 4.425048828125, "params": {"batch_size": 94.03668321626682, "buffer_size": 114.19439586468019, "gamma": 0.931835944090901, "learning_rate": 2.329475807661373e-06, "memory": 5849.673581110671, "reward_factor_for_initial_dice_picked": 0.4574190430883166, "reward_factor_for_picking_choice_correctly": 9.138112218985869, "reward_for_all_dice": 4.119834499694502}, "datetime": {"datetime": "2024-01-11 20:43:48", "elapsed": 10078.385397, "delta": 622.379168}}
{"target": 4.0916748046875, "params": {"batch_size": 62.934506635195504, "buffer_size": 46.58114338070231, "gamma": 0.936591593168075, "learning_rate": 7.250933960249976e-06, "memory": 2352.4058864073895, "reward_factor_for_initial_dice_picked": 0.31146486070412704, "reward_factor_for_picking_choice_correctly": 1.4748923252341262, "reward_for_all_dice": 0.27820760227840635}, "datetime": {"datetime": "2024-01-11 20:54:14", "elapsed": 10704.2981, "delta": 625.912703}}
{"target": 7.044921875, "params": {"batch_size": 47.29402813703676, "buffer_size": 89.85915866243343, "gamma": 0.9133272644044472, "learning_rate": 5.064320197432756e-06, "memory": 8378.440824108418, "reward_factor_for_initial_dice_picked": 0.7555832386927578, "reward_factor_for_picking_choice_correctly": 5.5066886710244125, "reward_for_all_dice": 2.5514353769654594}, "datetime": {"datetime": "2024-01-11 21:04:58", "elapsed": 11348.091353, "delta": 643.793253}}
{"target": 10.56884765625, "params": {"batch_size": 71.97155463813934, "buffer_size": 41.319939904358286, "gamma": 0.9078422957280515, "learning_rate": 4.237389988940083e-06, "memory": 4438.081450660218, "reward_factor_for_initial_dice_picked": 0.7092006259569803, "reward_factor_for_picking_choice_correctly": 0.593423843530807, "reward_for_all_dice": 1.478224496878009}, "datetime": {"datetime": "2024-01-11 21:15:21", "elapsed": 11971.309893, "delta": 623.21854}}
{"target": 5.7197265625, "params": {"batch_size": 61.31045607082541, "buffer_size": 74.91258099893378, "gamma": 0.9113002354513156, "learning_rate": 2.574220201068871e-06, "memory": 9178.351005850789, "reward_factor_for_initial_dice_picked": 0.09094742600695238, "reward_factor_for_picking_choice_correctly": 7.328100563073708, "reward_for_all_dice": 6.703288997846343}, "datetime": {"datetime": "2024-01-11 21:25:46", "elapsed": 12596.18485, "delta": 624.874957}}
{"target": 7.0321044921875, "params": {"batch_size": 97.12952627174175, "buffer_size": 103.16660891422086, "gamma": 0.9785348103381099, "learning_rate": 6.327696813892593e-06, "memory": 2756.049328087438, "reward_factor_for_initial_dice_picked": 0.3629476210683463, "reward_factor_for_picking_choice_correctly": 6.37506818918032, "reward_for_all_dice": 0.5107685219819835}, "datetime": {"datetime": "2024-01-11 21:36:12", "elapsed": 13221.658249, "delta": 625.473399}}
{"target": 13.8524169921875, "params": {"batch_size": 122.79141799367517, "buffer_size": 126.77816372030938, "gamma": 0.9563036829594999, "learning_rate": 2.4491796097010157e-06, "memory": 8914.45035864122, "reward_factor_for_initial_dice_picked": 0.6155128209018335, "reward_factor_for_picking_choice_correctly": 6.716988565991038, "reward_for_all_dice": 0.6097786349459045}, "datetime": {"datetime": "2024-01-11 21:46:45", "elapsed": 13854.742908, "delta": 633.084659}}
{"target": 12.03564453125, "params": {"batch_size": 86.21925436896122, "buffer_size": 109.63047836329659, "gamma": 0.9876387202512931, "learning_rate": 9.906110603343186e-07, "memory": 5772.952967705665, "reward_factor_for_initial_dice_picked": 0.3071010470331038, "reward_factor_for_picking_choice_correctly": 1.11165732245324, "reward_for_all_dice": 7.479929230375024}, "datetime": {"datetime": "2024-01-11 21:57:10", "elapsed": 14480.016879, "delta": 625.273971}}
{"target": 6.9786376953125, "params": {"batch_size": 110.12384185464471, "buffer_size": 119.55797453129539, "gamma": 0.9602234860206101, "learning_rate": 6.268209924494345e-06, "memory": 5777.872324194931, "reward_factor_for_initial_dice_picked": 0.8111905466888893, "reward_factor_for_picking_choice_correctly": 5.449394165887864, "reward_for_all_dice": 9.043177653039203}, "datetime": {"datetime": "2024-01-11 22:07:37", "elapsed": 15107.159679, "delta": 627.1428}}
{"target": 7.9521484375, "params": {"batch_size": 112.13923069994087, "buffer_size": 113.0388065984781, "gamma": 0.9593552018711875, "learning_rate": 7.37532609383069e-06, "memory": 5067.5854826763025, "reward_factor_for_initial_dice_picked": 0.6681769475881697, "reward_factor_for_picking_choice_correctly": 3.383295581550337, "reward_for_all_dice": 0.6942282661305443}, "datetime": {"datetime": "2024-01-11 22:18:05", "elapsed": 15734.647899, "delta": 627.48822}}
{"target": 16.994384765625, "params": {"batch_size": 105.76221929937374, "buffer_size": 50.987077855726305, "gamma": 0.9685643330642496, "learning_rate": 9.70939219875284e-06, "memory": 6215.659886945151, "reward_factor_for_initial_dice_picked": 0.3902875182638781, "reward_factor_for_picking_choice_correctly": 2.119629366711563, "reward_for_all_dice": 6.7795896098279185}, "datetime": {"datetime": "2024-01-11 22:28:32", "elapsed": 16361.829558, "delta": 627.181659}}
{"target": 11.488525390625, "params": {"batch_size": 119.93217826892104, "buffer_size": 60.5238117524876, "gamma": 0.9713320133405011, "learning_rate": 6.7544284699089145e-06, "memory": 4343.347739379462, "reward_factor_for_initial_dice_picked": 0.041771366195984316, "reward_factor_for_picking_choice_correctly": 6.386707915239217, "reward_for_all_dice": 2.3937256372430316}, "datetime": {"datetime": "2024-01-11 22:38:58", "elapsed": 16988.586386, "delta": 626.756828}}
{"target": 8.483642578125, "params": {"batch_size": 61.79635457122625, "buffer_size": 120.5289606563328, "gamma": 0.9676555485699272, "learning_rate": 4.621336016971629e-06, "memory": 8459.155462389175, "reward_factor_for_initial_dice_picked": 0.559224580665629, "reward_factor_for_picking_choice_correctly": 4.044946214680328, "reward_for_all_dice": 7.045537451822897}, "datetime": {"datetime": "2024-01-11 22:49:21", "elapsed": 17610.815318, "delta": 622.228932}}
{"target": 4.6883544921875, "params": {"batch_size": 95.36792917505402, "buffer_size": 35.82487730232679, "gamma": 0.9204464546695915, "learning_rate": 3.217616686081512e-06, "memory": 7505.850968394588, "reward_factor_for_initial_dice_picked": 0.4732436797302926, "reward_factor_for_picking_choice_correctly": 0.13668853956277371, "reward_for_all_dice": 2.493317264123384}, "datetime": {"datetime": "2024-01-11 22:59:55", "elapsed": 18244.681613, "delta": 633.866295}}
