{"target": 4.781982421875, "params": {"batch_size": 72.0341124514471, "buffer_size": 101.15115137044718, "gamma": 0.900010293733561, "learning_rate": 8.604665145263679e-06, "memory": 3174.047126536904, "reward_factor_for_initial_dice_picked": 0.0923385947687978, "reward_factor_for_picking_choice_correctly": 1.862602113776709, "reward_for_all_dice": 3.4556072704304777}, "datetime": {"datetime": "2024-01-13 10:56:13", "elapsed": 0.0, "delta": 0.0}}
{"target": 5.2073974609375, "params": {"batch_size": 70.08967752614431, "buffer_size": 83.72640646432227, "gamma": 0.9377275062962965, "learning_rate": 9.37043900079352e-06, "memory": 3635.6179978521395, "reward_factor_for_initial_dice_picked": 0.8781174363909454, "reward_factor_for_picking_choice_correctly": 0.27387593197926163, "reward_for_all_dice": 6.704675101784022}, "datetime": {"datetime": "2024-01-13 11:07:04", "elapsed": 651.039487, "delta": 651.039487}}
{"target": 22.584228515625, "params": {"batch_size": 72.06126102724419, "buffer_size": 85.63422353079216, "gamma": 0.912634824473571, "learning_rate": 8.396202978169758e-06, "memory": 8405.956549404294, "reward_factor_for_initial_dice_picked": 0.9682615757193975, "reward_factor_for_picking_choice_correctly": 3.1342417815924284, "reward_for_all_dice": 6.923226156693141}, "datetime": {"datetime": "2024-01-13 11:17:57", "elapsed": 1303.877931, "delta": 652.838444}}
{"target": 5.73828125, "params": {"batch_size": 116.13335862041967, "buffer_size": 117.88223969636934, "gamma": 0.90765397902328, "learning_rate": 8.078109566465765e-06, "memory": 3358.643356516551, "reward_factor_for_initial_dice_picked": 0.8781425034294131, "reward_factor_for_picking_choice_correctly": 0.983468338330501, "reward_for_all_dice": 4.211076250050522}, "datetime": {"datetime": "2024-01-13 11:28:45", "elapsed": 1951.72226, "delta": 647.844329}}
{"target": 6.4000244140625, "params": {"batch_size": 123.95739489444819, "buffer_size": 83.18386735740964, "gamma": 0.9622689402555427, "learning_rate": 8.631031262012126e-06, "memory": 7492.007421452669, "reward_factor_for_initial_dice_picked": 0.8346256718973729, "reward_factor_for_picking_choice_correctly": 0.18288277344191806, "reward_for_all_dice": 7.501443149449675}, "datetime": {"datetime": "2024-01-13 11:39:36", "elapsed": 2602.601315, "delta": 650.879055}}
{"target": 20.029052734375, "params": {"batch_size": 119.27423829979296, "buffer_size": 123.39636381352979, "gamma": 0.9826618917463227, "learning_rate": 8.650959001201904e-06, "memory": 8475.266713206982, "reward_factor_for_initial_dice_picked": 0.9164631409521181, "reward_factor_for_picking_choice_correctly": 3.6980905792969407, "reward_for_all_dice": 6.913196040185406}, "datetime": {"datetime": "2024-01-13 11:50:26", "elapsed": 3252.593583, "delta": 649.992268}}
{"target": 24.0596923828125, "params": {"batch_size": 109.55207969737361, "buffer_size": 47.571886049450214, "gamma": 0.9298841229678483, "learning_rate": 8.878343839898149e-06, "memory": 9677.774843140276, "reward_factor_for_initial_dice_picked": 0.6517335360231284, "reward_factor_for_picking_choice_correctly": 5.495865312203007, "reward_for_all_dice": 9.482290619669357}, "datetime": {"datetime": "2024-01-13 12:01:14", "elapsed": 3900.691215, "delta": 648.097632}}
{"target": 15.231689453125, "params": {"batch_size": 59.437048438141225, "buffer_size": 112.39402887817428, "gamma": 0.9020788731413346, "learning_rate": 8.407817151484324e-06, "memory": 4780.833088562756, "reward_factor_for_initial_dice_picked": 0.058641729074758224, "reward_factor_for_picking_choice_correctly": 5.326114559119361, "reward_for_all_dice": 4.1193445120564}, "datetime": {"datetime": "2024-01-13 12:12:02", "elapsed": 4549.192384, "delta": 648.501169}}
{"target": 13.8564453125, "params": {"batch_size": 69.37529248562174, "buffer_size": 78.92320455552851, "gamma": 0.9498930430015681, "learning_rate": 8.584826857002097e-06, "memory": 9960.33840640908, "reward_factor_for_initial_dice_picked": 0.2524832386045703, "reward_factor_for_picking_choice_correctly": 2.7943516307112413, "reward_for_all_dice": 8.97830642879335}, "datetime": {"datetime": "2024-01-13 12:22:52", "elapsed": 5199.115269, "delta": 649.922885}}
{"target": 5.791015625, "params": {"batch_size": 44.38628828452969, "buffer_size": 34.04220660757171, "gamma": 0.9798561409187759, "learning_rate": 9.599029771455872e-06, "memory": 8421.840837659021, "reward_factor_for_initial_dice_picked": 0.47156806462820794, "reward_factor_for_picking_choice_correctly": 8.262363718946315, "reward_for_all_dice": 6.007069357716127}, "datetime": {"datetime": "2024-01-13 12:33:37", "elapsed": 5844.025495, "delta": 644.910226}}
{"target": 23.87646484375, "params": {"batch_size": 123.63408603312729, "buffer_size": 80.83016404599019, "gamma": 0.9297283924320422, "learning_rate": 9.07653668668695e-06, "memory": 6733.377849027475, "reward_factor_for_initial_dice_picked": 0.5532710814716955, "reward_factor_for_picking_choice_correctly": 6.362319681780748, "reward_for_all_dice": 8.805592999725832}, "datetime": {"datetime": "2024-01-13 12:44:34", "elapsed": 6500.646599, "delta": 656.621104}}
{"target": 10.6951904296875, "params": {"batch_size": 40.79257549686656, "buffer_size": 76.77286100470785, "gamma": 0.9090636040777949, "learning_rate": 9.412362235344732e-06, "memory": 6115.700814748478, "reward_factor_for_initial_dice_picked": 0.4874618946034577, "reward_factor_for_picking_choice_correctly": 9.819378746154626, "reward_for_all_dice": 1.9842217998185694}, "datetime": {"datetime": "2024-01-13 12:55:27", "elapsed": 7153.431197, "delta": 652.784598}}
{"target": 9.7315673828125, "params": {"batch_size": 39.9292851195876, "buffer_size": 55.96785029569866, "gamma": 0.9199809589576456, "learning_rate": 9.739774303460526e-06, "memory": 3828.7096351594673, "reward_factor_for_initial_dice_picked": 0.4157814369371105, "reward_factor_for_picking_choice_correctly": 3.8001460587576625, "reward_for_all_dice": 9.49728465113541}, "datetime": {"datetime": "2024-01-13 13:06:14", "elapsed": 7801.343281, "delta": 647.912084}}
{"target": 12.356689453125, "params": {"batch_size": 55.30047711285085, "buffer_size": 112.67752915539582, "gamma": 0.9766804616553458, "learning_rate": 9.175915542296614e-06, "memory": 3590.2775495364954, "reward_factor_for_initial_dice_picked": 0.11217528084902464, "reward_factor_for_picking_choice_correctly": 7.206496456985203, "reward_for_all_dice": 6.221696268749407}, "datetime": {"datetime": "2024-01-13 13:17:02", "elapsed": 8448.548964, "delta": 647.205683}}
{"target": 5.2197265625, "params": {"batch_size": 61.24735441161807, "buffer_size": 80.42016975991612, "gamma": 0.900265392063468, "learning_rate": 9.684660508955482e-06, "memory": 7782.049533228206, "reward_factor_for_initial_dice_picked": 0.23189778653181037, "reward_factor_for_picking_choice_correctly": 0.4155682459416116, "reward_for_all_dice": 7.637706093658942}, "datetime": {"datetime": "2024-01-13 13:28:02", "elapsed": 9108.975134, "delta": 660.42617}}
{"target": 17.2283935546875, "params": {"batch_size": 47.512858727316065, "buffer_size": 70.12601779129646, "gamma": 0.9658875507222698, "learning_rate": 9.233659590546924e-06, "memory": 9848.629948093887, "reward_factor_for_initial_dice_picked": 0.21060845208863985, "reward_factor_for_picking_choice_correctly": 5.502019308610371, "reward_for_all_dice": 1.2661900179910965}, "datetime": {"datetime": "2024-01-13 13:38:49", "elapsed": 9756.284714, "delta": 647.30958}}
{"target": 20.3299560546875, "params": {"batch_size": 94.17557446189502, "buffer_size": 114.25085317617348, "gamma": 0.9320738030205056, "learning_rate": 8.456736166412575e-06, "memory": 5853.969828070461, "reward_factor_for_initial_dice_picked": 0.45963790014045525, "reward_factor_for_picking_choice_correctly": 9.141636864951957, "reward_for_all_dice": 4.143881135540991}, "datetime": {"datetime": "2024-01-13 13:49:36", "elapsed": 10402.513959, "delta": 646.229245}}
{"target": 6.879150390625, "params": {"batch_size": 62.96400040221319, "buffer_size": 46.61805002143908, "gamma": 0.9366158028532158, "learning_rate": 9.444884867493529e-06, "memory": 2354.4065902805087, "reward_factor_for_initial_dice_picked": 0.3117769692263513, "reward_factor_for_picking_choice_correctly": 1.478756701365887, "reward_for_all_dice": 0.2826144278497587}, "datetime": {"datetime": "2024-01-13 14:00:23", "elapsed": 11050.163216, "delta": 647.649257}}
{"target": 22.6099853515625, "params": {"batch_size": 47.40398560484551, "buffer_size": 89.91112347044906, "gamma": 0.9134317268086715, "learning_rate": 9.004251472913716e-06, "memory": 8380.650109701135, "reward_factor_for_initial_dice_picked": 0.7559162431476077, "reward_factor_for_picking_choice_correctly": 5.512810561690068, "reward_for_all_dice": 2.561583638436734}, "datetime": {"datetime": "2024-01-13 14:11:15", "elapsed": 11701.421901, "delta": 651.258685}}
{"target": 8.505615234375, "params": {"batch_size": 72.04788750347342, "buffer_size": 41.43803237170585, "gamma": 0.9079542269611215, "learning_rate": 8.837422411946149e-06, "memory": 4440.053523388347, "reward_factor_for_initial_dice_picked": 0.7095968095261423, "reward_factor_for_picking_choice_correctly": 0.6062393144290106, "reward_for_all_dice": 1.4898345199240859}, "datetime": {"datetime": "2024-01-13 14:22:05", "elapsed": 12351.892599, "delta": 650.470698}}
{"target": 15.0062255859375, "params": {"batch_size": 61.583384926155674, "buffer_size": 75.12984277112083, "gamma": 0.9116223164761288, "learning_rate": 8.505981902242791e-06, "memory": 9181.713627728885, "reward_factor_for_initial_dice_picked": 0.09466774952151186, "reward_factor_for_picking_choice_correctly": 7.339035387514138, "reward_for_all_dice": 6.716780881388508}, "datetime": {"datetime": "2024-01-13 14:32:58", "elapsed": 13005.147182, "delta": 653.254583}}
{"target": 10.9853515625, "params": {"batch_size": 97.14353610353776, "buffer_size": 103.17787895934873, "gamma": 0.9785400135423136, "learning_rate": 9.258457252834768e-06, "memory": 2757.4176948943186, "reward_factor_for_initial_dice_picked": 0.36323673217019203, "reward_factor_for_picking_choice_correctly": 6.376713278445505, "reward_for_all_dice": 0.5150749844629483}, "datetime": {"datetime": "2024-01-13 14:43:52", "elapsed": 13658.453182, "delta": 653.306}}
{"target": 6.443603515625, "params": {"batch_size": 122.81271759929379, "buffer_size": 126.78316021088135, "gamma": 0.9564414782870748, "learning_rate": 8.480819676514174e-06, "memory": 8917.40454278456, "reward_factor_for_initial_dice_picked": 0.6170851154860916, "reward_factor_for_picking_choice_correctly": 6.730413879963423, "reward_for_all_dice": 0.6481783397992358}, "datetime": {"datetime": "2024-01-13 14:54:47", "elapsed": 14314.066316, "delta": 655.613134}}
{"target": 5.37255859375, "params": {"batch_size": 86.39026939721346, "buffer_size": 109.70566764520704, "gamma": 0.9876483853330631, "learning_rate": 8.187371288317936e-06, "memory": 5775.192795307153, "reward_factor_for_initial_dice_picked": 0.30993718918968494, "reward_factor_for_picking_choice_correctly": 1.1480386782945065, "reward_for_all_dice": 7.490244268255653}, "datetime": {"datetime": "2024-01-13 15:05:41", "elapsed": 14967.385109, "delta": 653.318793}}
{"target": 7.3924560546875, "params": {"batch_size": 110.14816904705137, "buffer_size": 119.56946306122498, "gamma": 0.9602640080935794, "learning_rate": 9.247128973583549e-06, "memory": 5781.876833613431, "reward_factor_for_initial_dice_picked": 0.8114474924969062, "reward_factor_for_picking_choice_correctly": 5.455586965414091, "reward_for_all_dice": 9.044479767349461}, "datetime": {"datetime": "2024-01-13 15:16:32", "elapsed": 15619.287374, "delta": 651.902265}}
{"target": 11.1680908203125, "params": {"batch_size": 112.14641817626631, "buffer_size": 113.045586422416, "gamma": 0.9593690888874401, "learning_rate": 9.470003129844634e-06, "memory": 5069.548225335877, "reward_factor_for_initial_dice_picked": 0.6683273167341, "reward_factor_for_picking_choice_correctly": 3.3862940115419966, "reward_for_all_dice": 0.698445275580833}, "datetime": {"datetime": "2024-01-13 15:27:33", "elapsed": 16279.462505, "delta": 660.175131}}
{"target": 3.9599609375, "params": {"batch_size": 105.76259135834195, "buffer_size": 50.988366354283684, "gamma": 0.9685646917031008, "learning_rate": 9.941292335534232e-06, "memory": 6215.723202511429, "reward_factor_for_initial_dice_picked": 0.3902977193266512, "reward_factor_for_picking_choice_correctly": 2.1197612127175307, "reward_for_all_dice": 6.779643490320002}, "datetime": {"datetime": "2024-01-13 15:38:28", "elapsed": 16935.061878, "delta": 655.599373}}
{"target": 19.197265625, "params": {"batch_size": 119.9358358070596, "buffer_size": 60.55440200846836, "gamma": 0.9713404764517911, "learning_rate": 9.344626231556483e-06, "memory": 4344.763152496443, "reward_factor_for_initial_dice_picked": 0.04220577809679642, "reward_factor_for_picking_choice_correctly": 6.388345997245282, "reward_for_all_dice": 2.3971739333880824}, "datetime": {"datetime": "2024-01-13 15:49:23", "elapsed": 17589.730028, "delta": 654.66815}}
{"target": 12.8775634765625, "params": {"batch_size": 61.886566918992415, "buffer_size": 120.53914106248838, "gamma": 0.9676859962199017, "learning_rate": 8.914881868568102e-06, "memory": 8461.255093042144, "reward_factor_for_initial_dice_picked": 0.5598252029600395, "reward_factor_for_picking_choice_correctly": 4.053060864252389, "reward_for_all_dice": 7.049563347997225}, "datetime": {"datetime": "2024-01-13 16:00:10", "elapsed": 18236.775718, "delta": 647.04569}}
{"target": 5.202880859375, "params": {"batch_size": 95.50137087957155, "buffer_size": 36.201807272627285, "gamma": 0.9207308786552441, "learning_rate": 8.635424597321447e-06, "memory": 7511.592169906546, "reward_factor_for_initial_dice_picked": 0.47539773429885646, "reward_factor_for_picking_choice_correctly": 0.1770223908996589, "reward_for_all_dice": 2.524014198587683}, "datetime": {"datetime": "2024-01-13 16:11:02", "elapsed": 18889.236779, "delta": 652.461061}}
{"target": 10.1719970703125, "params": {"batch_size": 117.52224094798495, "buffer_size": 109.90941415342002, "gamma": 0.9692391307943661, "learning_rate": 9.749979163253377e-06, "memory": 8515.200188007493, "reward_factor_for_initial_dice_picked": 0.7014508580309401, "reward_factor_for_picking_choice_correctly": 4.144208030684226, "reward_for_all_dice": 2.326174017436523}, "datetime": {"datetime": "2024-01-13 16:21:54", "elapsed": 19540.65852, "delta": 651.421741}}
{"target": 10.698974609375, "params": {"batch_size": 45.438893028347394, "buffer_size": 62.58327412767023, "gamma": 0.9714112283153384, "learning_rate": 9.813823505971975e-06, "memory": 9585.934919192567, "reward_factor_for_initial_dice_picked": 0.25778118201002975, "reward_factor_for_picking_choice_correctly": 6.074252284508566, "reward_for_all_dice": 8.889490058740117}, "datetime": {"datetime": "2024-01-13 16:32:38", "elapsed": 20184.496256, "delta": 643.837736}}
{"target": 8.3665771484375, "params": {"batch_size": 76.62956682385588, "buffer_size": 125.31280553544048, "gamma": 0.924112438179144, "learning_rate": 9.667175041406316e-06, "memory": 6705.366539392157, "reward_factor_for_initial_dice_picked": 0.4855852105852607, "reward_factor_for_picking_choice_correctly": 1.839357441187723, "reward_for_all_dice": 3.988484225316679}, "datetime": {"datetime": "2024-01-13 16:43:30", "elapsed": 20837.140516, "delta": 652.64426}}
{"target": 26.614990234375, "params": {"batch_size": 111.48413651373663, "buffer_size": 44.19238099822508, "gamma": 0.9367030074458611, "learning_rate": 8.71413272457411e-06, "memory": 6149.42363581337, "reward_factor_for_initial_dice_picked": 0.9928220396996188, "reward_factor_for_picking_choice_correctly": 1.8719081285257777, "reward_for_all_dice": 4.6359582162936155}, "datetime": {"datetime": "2024-01-13 16:54:27", "elapsed": 21493.881905, "delta": 656.741389}}
{"target": 9.4967041015625, "params": {"batch_size": 83.57307233780415, "buffer_size": 125.03387770421064, "gamma": 0.9699176306289939, "learning_rate": 8.997394061509213e-06, "memory": 2681.088561543309, "reward_factor_for_initial_dice_picked": 0.9863120560938011, "reward_factor_for_picking_choice_correctly": 1.3183828133683977, "reward_for_all_dice": 2.8951845534736464}, "datetime": {"datetime": "2024-01-13 17:05:20", "elapsed": 22147.286195, "delta": 653.40429}}
{"target": 23.8818359375, "params": {"batch_size": 45.269471074693286, "buffer_size": 48.844163742560795, "gamma": 0.9116478735437455, "learning_rate": 9.52841933822161e-06, "memory": 2062.488166958376, "reward_factor_for_initial_dice_picked": 0.47238384553156904, "reward_factor_for_picking_choice_correctly": 4.172910137027174, "reward_for_all_dice": 2.7538374720169365}, "datetime": {"datetime": "2024-01-13 17:16:11", "elapsed": 22798.292918, "delta": 651.006723}}
{"target": 18.9024658203125, "params": {"batch_size": 118.26095678665591, "buffer_size": 59.11199089534497, "gamma": 0.9293987357319096, "learning_rate": 9.797972572505414e-06, "memory": 7809.287341233542, "reward_factor_for_initial_dice_picked": 0.8259804492876477, "reward_factor_for_picking_choice_correctly": 4.756892416523691, "reward_for_all_dice": 1.0336637942968765}, "datetime": {"datetime": "2024-01-13 17:27:08", "elapsed": 23454.752607, "delta": 656.459689}}
{"target": 8.9127197265625, "params": {"batch_size": 74.74393383970147, "buffer_size": 110.9287925653847, "gamma": 0.9309969116786034, "learning_rate": 9.377622138344514e-06, "memory": 9378.529374996653, "reward_factor_for_initial_dice_picked": 0.9542830419120615, "reward_factor_for_picking_choice_correctly": 9.412559105957687, "reward_for_all_dice": 4.713307490974202}, "datetime": {"datetime": "2024-01-13 17:38:03", "elapsed": 24109.712028, "delta": 654.959421}}
